[07:08:32] [Server thread/INFO]: Starting minecraft server version 1.8.8
[07:08:32] [Server thread/INFO]: Loading properties
[07:08:32] [Server thread/INFO]: Default game type: SURVIVAL
[07:08:33] [Server thread/INFO]: This server is running CraftBukkit version git-Spigot-db6de12-07c3001 (MC: 1.8.8) (Implementing API version 1.8.8-R0.1-SNAPSHOT)
[07:08:33] [Server thread/INFO]: Server Ping Player Sample Count: 12
[07:08:33] [Server thread/INFO]: Using 4 threads for Netty based IO
[07:08:33] [Server thread/INFO]: Debug logging is disabled
[07:08:33] [Server thread/INFO]: Generating keypair
[07:08:33] [Server thread/INFO]: Starting Minecraft server on *:25565
[07:08:33] [Server thread/INFO]: Using epoll channel type
[07:08:33] [Server thread/INFO]: Set PluginClassLoader as parallel capable
[07:08:33] [Server thread/INFO]: [Vault] Loading Vault v1.5.6-b49
[07:08:33] [Server thread/INFO]: [Essentials] Loading Essentials v2.0.1-b265
[07:08:33] [Server thread/INFO]: [EssentialsChat] Loading EssentialsChat vTeamCity
[07:08:33] [Server thread/INFO]: [GroupManager] Loading GroupManager v2.1.31 (Phoenix)
[07:08:33] [Server thread/INFO]: [Vault] Enabling Vault v1.5.6-b49
[07:08:34] [Server thread/INFO]: [Vault] [Economy] Essentials Economy found: Waiting
[07:08:34] [Server thread/INFO]: [Vault] [Permission] GroupManager found: Waiting
[07:08:34] [Server thread/INFO]: [Vault] [Permission] SuperPermissions loaded as backup permission system.
[07:08:34] [Server thread/INFO]: [Vault] [Chat] GroupManager found: Waiting
[07:08:34] [Server thread/INFO]: [Vault] Enabled Version 1.5.6-b49
[07:08:34] [Server thread/INFO]: **** Beginning UUID conversion, this may take A LONG time ****
[07:08:34] [Server thread/INFO]: Preparing level "world"
[07:08:34] [Server thread/INFO]: -------- World Settings For [world] --------
[07:08:34] [Server thread/INFO]: Mob Spawn Range: 4
[07:08:34] [Server thread/INFO]: Anti X-Ray: true
[07:08:34] [Server thread/INFO]: 	Engine Mode: 1
[07:08:34] [Server thread/INFO]: 	Hidden Blocks: [14, 15, 16, 21, 48, 49, 54, 56, 73, 74, 82, 129, 130]
[07:08:34] [Server thread/INFO]: 	Replace Blocks: [1, 5]
[07:08:34] [Server thread/INFO]: Nerfing mobs spawned from spawners: false
[07:08:34] [Server thread/INFO]: Entity Activation Range: An 32 / Mo 32 / Mi 16
[07:08:34] [Server thread/INFO]: Entity Tracking Range: Pl 48 / An 48 / Mo 48 / Mi 32 / Other 64
[07:08:34] [Server thread/INFO]: Hopper Transfer: 8 Hopper Check: 8 Hopper Amount: 1
[07:08:34] [Server thread/INFO]: Cactus Growth Modifier: 100%
[07:08:34] [Server thread/INFO]: Cane Growth Modifier: 100%
[07:08:34] [Server thread/INFO]: Melon Growth Modifier: 100%
[07:08:34] [Server thread/INFO]: Mushroom Growth Modifier: 100%
[07:08:34] [Server thread/INFO]: Pumpkin Growth Modifier: 100%
[07:08:34] [Server thread/INFO]: Sapling Growth Modifier: 100%
[07:08:34] [Server thread/INFO]: Wheat Growth Modifier: 100%
[07:08:34] [Server thread/INFO]: NetherWart Growth Modifier: 100%
[07:08:34] [Server thread/INFO]: Random Lighting Updates: false
[07:08:34] [Server thread/INFO]: Structure Info Saving: true
[07:08:34] [Server thread/INFO]: Sending up to 10 chunks per packet
[07:08:34] [Server thread/INFO]: Max Entity Collisions: 8
[07:08:34] [Server thread/INFO]: Custom Map Seeds:  Village: 10387312 Feature: 14357617
[07:08:34] [Server thread/INFO]: Max TNT Explosions: 100
[07:08:34] [Server thread/INFO]: Tile Max Tick Time: 50ms Entity max Tick Time: 50ms
[07:08:34] [Server thread/INFO]: Item Despawn Rate: 6000
[07:08:34] [Server thread/INFO]: Item Merge Radius: 2.5
[07:08:34] [Server thread/INFO]: Arrow Despawn Rate: 1200
[07:08:34] [Server thread/INFO]: Allow Zombie Pigmen to spawn from portal blocks: true
[07:08:34] [Server thread/INFO]: View Distance: 10
[07:08:34] [Server thread/INFO]: Zombie Aggressive Towards Villager: true
[07:08:34] [Server thread/INFO]: Chunks to Grow per Tick: 650
[07:08:34] [Server thread/INFO]: Clear tick list: false
[07:08:34] [Server thread/INFO]: Experience Merge Radius: 3.0
[07:08:34] [Server thread/INFO]: -------- World Settings For [world_nether] --------
[07:08:34] [Server thread/INFO]: Mob Spawn Range: 4
[07:08:34] [Server thread/INFO]: Anti X-Ray: true
[07:08:34] [Server thread/INFO]: 	Engine Mode: 1
[07:08:34] [Server thread/INFO]: 	Hidden Blocks: [14, 15, 16, 21, 48, 49, 54, 56, 73, 74, 82, 129, 130]
[07:08:34] [Server thread/INFO]: 	Replace Blocks: [1, 5]
[07:08:34] [Server thread/INFO]: Nerfing mobs spawned from spawners: false
[07:08:34] [Server thread/INFO]: Entity Activation Range: An 32 / Mo 32 / Mi 16
[07:08:34] [Server thread/INFO]: Entity Tracking Range: Pl 48 / An 48 / Mo 48 / Mi 32 / Other 64
[07:08:34] [Server thread/INFO]: Hopper Transfer: 8 Hopper Check: 8 Hopper Amount: 1
[07:08:34] [Server thread/INFO]: Cactus Growth Modifier: 100%
[07:08:34] [Server thread/INFO]: Cane Growth Modifier: 100%
[07:08:34] [Server thread/INFO]: Melon Growth Modifier: 100%
[07:08:34] [Server thread/INFO]: Mushroom Growth Modifier: 100%
[07:08:34] [Server thread/INFO]: Pumpkin Growth Modifier: 100%
[07:08:34] [Server thread/INFO]: Sapling Growth Modifier: 100%
[07:08:34] [Server thread/INFO]: Wheat Growth Modifier: 100%
[07:08:34] [Server thread/INFO]: NetherWart Growth Modifier: 100%
[07:08:34] [Server thread/INFO]: Random Lighting Updates: false
[07:08:34] [Server thread/INFO]: Structure Info Saving: true
[07:08:34] [Server thread/INFO]: Sending up to 10 chunks per packet
[07:08:34] [Server thread/INFO]: Max Entity Collisions: 8
[07:08:34] [Server thread/INFO]: Custom Map Seeds:  Village: 10387312 Feature: 14357617
[07:08:34] [Server thread/INFO]: Max TNT Explosions: 100
[07:08:34] [Server thread/INFO]: Tile Max Tick Time: 50ms Entity max Tick Time: 50ms
[07:08:34] [Server thread/INFO]: Item Despawn Rate: 6000
[07:08:34] [Server thread/INFO]: Item Merge Radius: 2.5
[07:08:34] [Server thread/INFO]: Arrow Despawn Rate: 1200
[07:08:34] [Server thread/INFO]: Allow Zombie Pigmen to spawn from portal blocks: true
[07:08:34] [Server thread/INFO]: View Distance: 10
[07:08:34] [Server thread/INFO]: Zombie Aggressive Towards Villager: true
[07:08:34] [Server thread/INFO]: Chunks to Grow per Tick: 650
[07:08:34] [Server thread/INFO]: Clear tick list: false
[07:08:34] [Server thread/INFO]: Experience Merge Radius: 3.0
[07:08:34] [Server thread/INFO]: -------- World Settings For [world_the_end] --------
[07:08:34] [Server thread/INFO]: Mob Spawn Range: 4
[07:08:34] [Server thread/INFO]: Anti X-Ray: true
[07:08:34] [Server thread/INFO]: 	Engine Mode: 1
[07:08:34] [Server thread/INFO]: 	Hidden Blocks: [14, 15, 16, 21, 48, 49, 54, 56, 73, 74, 82, 129, 130]
[07:08:34] [Server thread/INFO]: 	Replace Blocks: [1, 5]
[07:08:34] [Server thread/INFO]: Nerfing mobs spawned from spawners: false
[07:08:34] [Server thread/INFO]: Entity Activation Range: An 32 / Mo 32 / Mi 16
[07:08:34] [Server thread/INFO]: Entity Tracking Range: Pl 48 / An 48 / Mo 48 / Mi 32 / Other 64
[07:08:34] [Server thread/INFO]: Hopper Transfer: 8 Hopper Check: 8 Hopper Amount: 1
[07:08:34] [Server thread/INFO]: Cactus Growth Modifier: 100%
[07:08:34] [Server thread/INFO]: Cane Growth Modifier: 100%
[07:08:34] [Server thread/INFO]: Melon Growth Modifier: 100%
[07:08:34] [Server thread/INFO]: Mushroom Growth Modifier: 100%
[07:08:34] [Server thread/INFO]: Pumpkin Growth Modifier: 100%
[07:08:34] [Server thread/INFO]: Sapling Growth Modifier: 100%
[07:08:34] [Server thread/INFO]: Wheat Growth Modifier: 100%
[07:08:34] [Server thread/INFO]: NetherWart Growth Modifier: 100%
[07:08:34] [Server thread/INFO]: Random Lighting Updates: false
[07:08:34] [Server thread/INFO]: Structure Info Saving: true
[07:08:34] [Server thread/INFO]: Sending up to 10 chunks per packet
[07:08:34] [Server thread/INFO]: Max Entity Collisions: 8
[07:08:34] [Server thread/INFO]: Custom Map Seeds:  Village: 10387312 Feature: 14357617
[07:08:34] [Server thread/INFO]: Max TNT Explosions: 100
[07:08:34] [Server thread/INFO]: Tile Max Tick Time: 50ms Entity max Tick Time: 50ms
[07:08:34] [Server thread/INFO]: Item Despawn Rate: 6000
[07:08:34] [Server thread/INFO]: Item Merge Radius: 2.5
[07:08:34] [Server thread/INFO]: Arrow Despawn Rate: 1200
[07:08:34] [Server thread/INFO]: Allow Zombie Pigmen to spawn from portal blocks: true
[07:08:34] [Server thread/INFO]: View Distance: 10
[07:08:34] [Server thread/INFO]: Zombie Aggressive Towards Villager: true
[07:08:34] [Server thread/INFO]: Chunks to Grow per Tick: 650
[07:08:34] [Server thread/INFO]: Clear tick list: false
[07:08:34] [Server thread/INFO]: Experience Merge Radius: 3.0
[07:08:34] [Server thread/INFO]: Preparing start region for level 0 (Seed: 2626203211027505426)
[07:08:35] [Server thread/INFO]: Preparing spawn area: 19%
[07:08:36] [Server thread/INFO]: Preparing spawn area: 54%
[07:08:37] [Server thread/INFO]: Preparing start region for level 1 (Seed: 2626203211027505426)
[07:08:38] [Server thread/INFO]: Preparing spawn area: 53%
[07:08:38] [Server thread/INFO]: Preparing start region for level 2 (Seed: 2626203211027505426)
[07:08:38] [Server thread/INFO]: [Essentials] Enabling Essentials v2.0.1-b265
[07:08:38] [Server thread/WARN]: [Essentials] ยง4Version mismatch! Please update EssentialsChat to the same version.
[07:08:38] [Server thread/INFO]: Using locale en_US
[07:08:38] [Server thread/INFO]: [Essentials] Using 1.8.3+ BlockStateMeta provider as spawner provider.
[07:08:39] [Server thread/INFO]: Using locale en_US
[07:08:39] [Server thread/INFO]: [Essentials] Starting Metrics. Opt-out using the global PluginMetrics config.
[07:08:39] [Server thread/INFO]: [Vault][Economy] Essentials Economy hooked.
[07:08:39] [Server thread/INFO]: [Essentials] Using Vault based permissions (GroupManager)
[07:08:39] [Server thread/INFO]: [EssentialsChat] Enabling EssentialsChat vTeamCity
[07:08:39] [Server thread/WARN]: ยง4Version mismatch! Please update all Essentials jars to the same version.
[07:08:39] [Server thread/INFO]: [Essentials] Using Vault based permissions (GroupManager)
[07:08:39] [Server thread/INFO]: [GroupManager] Enabling GroupManager v2.1.31 (Phoenix)
[07:08:39] [Server thread/INFO]: GroupManager - INFO - World Found: world
[07:08:39] [Server thread/INFO]: GroupManager - INFO - Superperms support enabled.
[07:08:39] [Server thread/INFO]: GroupManager - INFO - Scheduled Data Saving is set for every 10 minutes!
[07:08:39] [Server thread/INFO]: GroupManager - INFO - Backups will be retained for 24 hours!
[07:08:39] [Server thread/INFO]: GroupManager version 2.1.31 (Phoenix) is enabled!
[07:08:39] [Server thread/INFO]: [Vault][Permission] GroupManager hooked.
[07:08:39] [Server thread/INFO]: [Vault][Chat] GroupManager - Chat hooked.
[07:08:39] [Server thread/INFO]: [Essentials] Using Vault based permissions (GroupManager)
[07:08:39] [Server thread/INFO]: Server permissions file permissions.yml is empty, ignoring it
[07:08:39] [Server thread/INFO]: Done (5.276s)! For help, type "help" or "?"
[07:08:39] [Server thread/INFO]: GroupManager - INFO - Bukkit Permissions Updated!
[07:08:39] [Craft Scheduler Thread - 6/INFO]: [Vault] Checking for Updates ... 
[07:08:40] [Craft Scheduler Thread - 6/INFO]: [Vault] No new version available
[07:21:03] [Server thread/INFO]: Stopping the server
[07:21:03] [Server thread/INFO]: Stopping server
[07:21:03] [Server thread/INFO]: [GroupManager] Disabling GroupManager v2.1.31 (Phoenix)
[07:21:03] [Server thread/INFO]: [Vault][Permission] GroupManager un-hooked.
[07:21:03] [Server thread/INFO]: [Vault][Chat] GroupManager - Chat un-hooked.
[07:21:03] [Server thread/INFO]: GroupManager - INFO - Scheduled Data Saving is disabled!
[07:21:03] [Server thread/INFO]: GroupManager version 2.1.31 (Phoenix) is disabled!
[07:21:03] [Server thread/INFO]: [EssentialsChat] Disabling EssentialsChat vTeamCity
[07:21:03] [Server thread/INFO]: [Essentials] Disabling Essentials v2.0.1-b265
[07:21:03] [Server thread/INFO]: [Vault][Economy] Essentials Economy unhooked.
[07:21:03] [Server thread/INFO]: [Vault] Disabling Vault v1.5.6-b49
[07:21:03] [Server thread/INFO]: Saving players
[07:21:03] [Server thread/INFO]: Saving worlds
[07:21:03] [Server thread/INFO]: Saving chunks for level 'world'/Overworld
[07:21:04] [Server thread/INFO]: Saving chunks for level 'world_nether'/Nether
[07:21:04] [Server thread/INFO]: Saving chunks for level 'world_the_end'/The End
